2021-04-16 07:04:36,827:WARNING:__main__:num_classes are not 65! set to 65.
2021-04-16 07:04:36,827:INFO:__main__:Random Seed: 2926588225
2021-04-16 07:04:36,828:INFO:__main__:
Arguments:
{   'adaptation_gamma': 10,
    'adv_loss': True,
    'base_weight_factor': 0.1,
    'batch_size': 40,
    'beta1': 0.9,
    'beta2': 0.999,
    'disp_interval': 10,
    'domain_loss_adjust_factor': 0.1,
    'double_bias_lr': False,
    'dsbn': True,
    'early_stop_step': 70000,
    'exp_setting': 'office-home',
    'gpu': 0,
    'in_features': 0,
    'init_model_path': '',
    'jitter': 'None',
    'learning_rate': 1e-05,
    'manual_seed': 0,
    'max_step': 70000,
    'merge_sources': False,
    'model_name': 'resnet50dsbn',
    'num_classes': 65,
    'num_workers': 2,
    'optimizer': 'Adam',
    'print_console': True,
    'random_seed': 2926588225,
    'resume': False,
    'save_ckpts': False,
    'save_dir': '42_3/stage1',
    'save_interval': 500,
    'save_model_hist': False,
    'sm_etha': 1.0,
    'sm_loss': True,
    'source_dataset': '2',
    'source_datasets': ['2'],
    'target_dataset': '3',
    'target_datasets': ['3'],
    'use_tfboard': False,
    'warmup_learning_rate': 5e-06,
    'warmup_step': 20000,
    'weight_decay': 0.0}
